<?xml version="1.0" encoding="UTF-8"?>
<!-- Generated by org.testng.reporters.JUnitReportReporter -->
<testsuite hostname="TOSGPLCG5203JN8" name="com.jhillanica.general.TestLoginPage" tests="2" failures="0" timestamp="29 Aug 2017 14:04:37 GMT" time="14.665" errors="0">
  <testcase name="CheckLogin" time="12.975" classname="com.jhillanica.general.TestLoginPage"/>
  <testcase name="CheckLogout" time="1.690" classname="com.jhillanica.general.TestLoginPage"/>
</testsuite> <!-- com.jhillanica.general.TestLoginPage -->
